<?xml version="1.0" encoding="UTF-8"?>
<!-- Generated by org.testng.reporters.JUnitXMLReporter -->
<testsuite ignored="3" hostname="DESKTOP-VDMFRU7" failures="1" tests="6" name="Test" time="236.847" errors="0" timestamp="2023-07-09T20:16:00 IST">
  <testcase classname="TestScripts.TestScenarios" name="addProductsToBasket" time="3.992"/>
  <testcase classname="TestScripts.TestScenarios" name="addProductsToBasket" time="3.162"/>
  <testcase classname="TestScripts.TestScenarios" name="addProductsToBasket" time="3.116"/>
  <testcase classname="TestScripts.TestScenarios" name="checkoutAndLogin" time="125.151"/>
  <testcase classname="TestScripts.TestScenarios" name="verifyProdsInCartPage" time="51.687">
    <failure type="java.lang.AssertionError" message="expected [true] but found [false]">
      <![CDATA[java.lang.AssertionError: expected [true] but found [false]
at TestScripts.TestScenarios.verifyProdsInCartPage(TestScenarios.java:66)
at java.base/java.util.ArrayList.forEach(ArrayList.java:1511)
... Removed 31 stack frames]]>
    </failure>
  </testcase> <!-- verifyProdsInCartPage -->
  <testcase classname="TestScripts.TestScenarios" name="verifySubTotalAndCheckOut" time="17.95"/>
  <testcase classname="TestScripts.TestScenarios" name="validateProductPresence" time="0.0">
    <ignored/>
  </testcase> <!-- validateProductPresence -->
  <testcase classname="TestScripts.TestScenarios" name="loginAndDeleteAllProduct" time="0.0">
    <ignored/>
  </testcase> <!-- loginAndDeleteAllProduct -->
  <testcase classname="TestScripts.TestScenarios" name="getSearchResults" time="0.0">
    <ignored/>
  </testcase> <!-- getSearchResults -->
</testsuite> <!-- Test -->
