<?xml version="1.0" encoding="UTF-8"?>
<!-- Generated by org.testng.reporters.JUnitXMLReporter -->
<testsuite ignored="5" hostname="DESKTOP-VDMFRU7" failures="0" tests="5" name="Test" time="31.418" errors="0" timestamp="2023-07-18T20:10:05 IST">
  <testcase classname="TestComponents.BaseTests" name="@BeforeTest launchApp" time="19.202">
    <failure type="java.lang.NullPointerException" message="Cannot invoke &amp;quot;org.openqa.selenium.WebDriver.get(String)&amp;quot; because &amp;quot;this.driver&amp;quot; is null">
      <![CDATA[java.lang.NullPointerException: Cannot invoke "org.openqa.selenium.WebDriver.get(String)" because "this.driver" is null
at TestComponents.BaseTests.launchApp(BaseTests.java:58)
... Removed 28 stack frames]]>
    </failure>
  </testcase> <!-- @BeforeTest launchApp -->
  <testcase classname="TestComponents.BaseTests" name="@AfterTest tearDown" time="0.009">
    <failure type="java.lang.NullPointerException" message="Cannot invoke &amp;quot;org.openqa.selenium.WebDriver.close()&amp;quot; because &amp;quot;this.driver&amp;quot; is null">
      <![CDATA[java.lang.NullPointerException: Cannot invoke "org.openqa.selenium.WebDriver.close()" because "this.driver" is null
at TestComponents.BaseTests.tearDown(BaseTests.java:67)
... Removed 28 stack frames]]>
    </failure>
  </testcase> <!-- @AfterTest tearDown -->
  <testcase classname="TestScripts.TestScenarios" name="getSearchResults" time="0.001">
    <skipped/>
  </testcase> <!-- getSearchResults -->
  <testcase classname="TestScripts.TestScenarios" name="validateProductPresence" time="0.004">
    <skipped/>
  </testcase> <!-- validateProductPresence -->
  <testcase classname="TestScripts.TestScenarios" name="validateProductPresence" time="0.0">
    <skipped/>
  </testcase> <!-- validateProductPresence -->
  <testcase classname="TestScripts.TestScenarios" name="validateProductPresence" time="0.001">
    <skipped/>
  </testcase> <!-- validateProductPresence -->
  <testcase classname="TestScripts.TestScenarios" name="verifyProductPageFunc" time="0.0">
    <skipped/>
  </testcase> <!-- verifyProductPageFunc -->
  <testcase classname="TestScripts.TestScenarios" name="verifySubTotalAndCheckOut" time="0.0">
    <ignored/>
  </testcase> <!-- verifySubTotalAndCheckOut -->
  <testcase classname="TestScripts.TestScenarios" name="checkoutAndLogin" time="0.0">
    <ignored/>
  </testcase> <!-- checkoutAndLogin -->
  <testcase classname="TestScripts.TestScenarios" name="verifyProdsInCartPage" time="0.0">
    <ignored/>
  </testcase> <!-- verifyProdsInCartPage -->
  <testcase classname="TestScripts.TestScenarios" name="loginAndDeleteAllProduct" time="0.0">
    <ignored/>
  </testcase> <!-- loginAndDeleteAllProduct -->
  <testcase classname="TestScripts.TestScenarios" name="addProductsToBasket" time="0.0">
    <ignored/>
  </testcase> <!-- addProductsToBasket -->
</testsuite> <!-- Test -->
